2024-07-02 16:27:56 notice: Undefined property `AlunosController::$flash` in `C:\Users\allex\my_app_name\src\Controller\AlunosController.php` on line 21
Request URL: /alunos/add
Referer URL: http://localhost:8765/alunos/add
Trace:
C:\Users\allex\my_app_name\vendor\cakephp\cakephp\src\Controller\Controller.php C:\Users\allex\my_app_name\vendor\cakephp\cakephp\src\Controller\Controller.php, line 311
Cake\Controller\Controller->__get() C:\Users\allex\my_app_name\src\Controller\AlunosController.php, line 21
App\Controller\AlunosController->add() C:\Users\allex\my_app_name\vendor\cakephp\cakephp\src\Controller\Controller.php, line 498
Cake\Controller\Controller->invokeAction() C:\Users\allex\my_app_name\vendor\cakephp\cakephp\src\Controller\ControllerFactory.php, line 139
Cake\Controller\ControllerFactory->handle() C:\Users\allex\my_app_name\vendor\cakephp\cakephp\src\Controller\ControllerFactory.php, line 114
Cake\Controller\ControllerFactory->invoke() C:\Users\allex\my_app_name\vendor\cakephp\cakephp\src\Http\BaseApplication.php, line 332
Cake\Http\BaseApplication->handle() C:\Users\allex\my_app_name\vendor\cakephp\cakephp\src\Http\Runner.php, line 86
Cake\Http\Runner->handle() C:\Users\allex\my_app_name\vendor\cakephp\cakephp\src\Http\Middleware\CsrfProtectionMiddleware.php, line 169
Cake\Http\Middleware\CsrfProtectionMiddleware->process() C:\Users\allex\my_app_name\vendor\cakephp\cakephp\src\Http\Runner.php, line 82
Cake\Http\Runner->handle() C:\Users\allex\my_app_name\vendor\cakephp\cakephp\src\Http\Middleware\BodyParserMiddleware.php, line 162
Cake\Http\Middleware\BodyParserMiddleware->process() C:\Users\allex\my_app_name\vendor\cakephp\cakephp\src\Http\Runner.php, line 82
Cake\Http\Runner->handle() C:\Users\allex\my_app_name\vendor\cakephp\cakephp\src\Routing\Middleware\RoutingMiddleware.php, line 118
Cake\Routing\Middleware\RoutingMiddleware->process() C:\Users\allex\my_app_name\vendor\cakephp\cakephp\src\Http\Runner.php, line 82
Cake\Http\Runner->handle() C:\Users\allex\my_app_name\vendor\cakephp\cakephp\src\Routing\Middleware\AssetMiddleware.php, line 69
Cake\Routing\Middleware\AssetMiddleware->process() C:\Users\allex\my_app_name\vendor\cakephp\cakephp\src\Http\Runner.php, line 82
Cake\Http\Runner->handle() C:\Users\allex\my_app_name\vendor\cakephp\cakephp\src\Error\Middleware\ErrorHandlerMiddleware.php, line 115
Cake\Error\Middleware\ErrorHandlerMiddleware->process() C:\Users\allex\my_app_name\vendor\cakephp\cakephp\src\Http\Runner.php, line 82
Cake\Http\Runner->handle() C:\Users\allex\my_app_name\vendor\cakephp\debug_kit\src\Middleware\DebugKitMiddleware.php, line 60
DebugKit\Middleware\DebugKitMiddleware->process() C:\Users\allex\my_app_name\vendor\cakephp\cakephp\src\Http\Runner.php, line 82
Cake\Http\Runner->handle() C:\Users\allex\my_app_name\vendor\cakephp\cakephp\src\Http\Runner.php, line 67
Cake\Http\Runner->run() C:\Users\allex\my_app_name\vendor\cakephp\cakephp\src\Http\Server.php, line 103
Cake\Http\Server->run() C:\Users\allex\my_app_name\webroot\index.php, line 37
[main]

2024-07-02 17:35:39 notice: Undefined property `AlunosController::$Aluno` in `C:\Users\allex\my_app_name\src\Controller\AlunosController.php` on line 30
Request URL: /alunos/edit/6
Referer URL: http://localhost:8765/alunos
Trace:
C:\Users\allex\my_app_name\vendor\cakephp\cakephp\src\Controller\Controller.php C:\Users\allex\my_app_name\vendor\cakephp\cakephp\src\Controller\Controller.php, line 311
Cake\Controller\Controller->__get() C:\Users\allex\my_app_name\src\Controller\AlunosController.php, line 30
App\Controller\AlunosController->edit() C:\Users\allex\my_app_name\vendor\cakephp\cakephp\src\Controller\Controller.php, line 498
Cake\Controller\Controller->invokeAction() C:\Users\allex\my_app_name\vendor\cakephp\cakephp\src\Controller\ControllerFactory.php, line 139
Cake\Controller\ControllerFactory->handle() C:\Users\allex\my_app_name\vendor\cakephp\cakephp\src\Controller\ControllerFactory.php, line 114
Cake\Controller\ControllerFactory->invoke() C:\Users\allex\my_app_name\vendor\cakephp\cakephp\src\Http\BaseApplication.php, line 332
Cake\Http\BaseApplication->handle() C:\Users\allex\my_app_name\vendor\cakephp\cakephp\src\Http\Runner.php, line 86
Cake\Http\Runner->handle() C:\Users\allex\my_app_name\vendor\cakephp\cakephp\src\Http\Middleware\CsrfProtectionMiddleware.php, line 169
Cake\Http\Middleware\CsrfProtectionMiddleware->process() C:\Users\allex\my_app_name\vendor\cakephp\cakephp\src\Http\Runner.php, line 82
Cake\Http\Runner->handle() C:\Users\allex\my_app_name\vendor\cakephp\cakephp\src\Http\Middleware\BodyParserMiddleware.php, line 157
Cake\Http\Middleware\BodyParserMiddleware->process() C:\Users\allex\my_app_name\vendor\cakephp\cakephp\src\Http\Runner.php, line 82
Cake\Http\Runner->handle() C:\Users\allex\my_app_name\vendor\cakephp\cakephp\src\Routing\Middleware\RoutingMiddleware.php, line 118
Cake\Routing\Middleware\RoutingMiddleware->process() C:\Users\allex\my_app_name\vendor\cakephp\cakephp\src\Http\Runner.php, line 82
Cake\Http\Runner->handle() C:\Users\allex\my_app_name\vendor\cakephp\cakephp\src\Routing\Middleware\AssetMiddleware.php, line 69
Cake\Routing\Middleware\AssetMiddleware->process() C:\Users\allex\my_app_name\vendor\cakephp\cakephp\src\Http\Runner.php, line 82
Cake\Http\Runner->handle() C:\Users\allex\my_app_name\vendor\cakephp\cakephp\src\Error\Middleware\ErrorHandlerMiddleware.php, line 115
Cake\Error\Middleware\ErrorHandlerMiddleware->process() C:\Users\allex\my_app_name\vendor\cakephp\cakephp\src\Http\Runner.php, line 82
Cake\Http\Runner->handle() C:\Users\allex\my_app_name\vendor\cakephp\debug_kit\src\Middleware\DebugKitMiddleware.php, line 60
DebugKit\Middleware\DebugKitMiddleware->process() C:\Users\allex\my_app_name\vendor\cakephp\cakephp\src\Http\Runner.php, line 82
Cake\Http\Runner->handle() C:\Users\allex\my_app_name\vendor\cakephp\cakephp\src\Http\Runner.php, line 67
Cake\Http\Runner->run() C:\Users\allex\my_app_name\vendor\cakephp\cakephp\src\Http\Server.php, line 103
Cake\Http\Server->run() C:\Users\allex\my_app_name\webroot\index.php, line 37
[main]

